Using pre-set license
Built from '2020.3/staging' branch; Version is '2020.3.20f1 (41c4e627c95f) revision 4310246'; Using compiler version '192528614'; Build Type 'Release'
OS: 'Windows 10 Home; OS build 22000.613; Version 2009; 64bit' Language: 'en' Physical Memory: 12161 MB
BatchMode: 1, IsHumanControllingUs: 0, StartBugReporterOnCrash: 0, Is64bit: 1, IsPro: 0

COMMAND LINE ARGUMENTS:
C:\Program Files\Unity\Hub\Editor\2020.3.20f1\Editor\Unity.exe
-adb2
-batchMode
-noUpm
-name
AssetImportWorker0
-projectPath
A:/ENC/ENC Terms/Spe Topic Work/CoinPersonalProject
-logFile
Logs/AssetImportWorker0.log
-srvPort
52992
Successfully changed project path to: A:/ENC/ENC Terms/Spe Topic Work/CoinPersonalProject
A:/ENC/ENC Terms/Spe Topic Work/CoinPersonalProject
Using Asset Import Pipeline V2.
Refreshing native plugins compatible for Editor in 195.76 ms, found 2 plugins.
Preloading 0 native plugins for Editor in 0.00 ms.
Initialize engine version: 2020.3.20f1 (41c4e627c95f)
[Subsystems] Discovering subsystems at path C:/Program Files/Unity/Hub/Editor/2020.3.20f1/Editor/Data/Resources/UnitySubsystems
[Subsystems] Discovering subsystems at path A:/ENC/ENC Terms/Spe Topic Work/CoinPersonalProject/Assets
GfxDevice: creating device client; threaded=0
Direct3D:
    Version:  Direct3D 11.0 [level 11.1]
    Renderer: Intel(R) UHD Graphics 620 (ID=0x5917)
    Vendor:   
    VRAM:     6080 MB
    Driver:   24.20.100.6025
Initialize mono
Mono path[0] = 'C:/Program Files/Unity/Hub/Editor/2020.3.20f1/Editor/Data/Managed'
Mono path[1] = 'C:/Program Files/Unity/Hub/Editor/2020.3.20f1/Editor/Data/MonoBleedingEdge/lib/mono/unityjit'
Mono config path = 'C:/Program Files/Unity/Hub/Editor/2020.3.20f1/Editor/Data/MonoBleedingEdge/etc'
Using monoOptions --debugger-agent=transport=dt_socket,embedding=1,server=y,suspend=n,address=127.0.0.1:56728
Begin MonoManager ReloadAssembly
Registering precompiled unity dll's ...
Register platform support module: C:/Program Files/Unity/Hub/Editor/2020.3.20f1/Editor/Data/PlaybackEngines/WebGLSupport/UnityEditor.WebGL.Extensions.dll
Register platform support module: C:/Program Files/Unity/Hub/Editor/2020.3.20f1/Editor/Data/PlaybackEngines/WindowsStandaloneSupport/UnityEditor.WindowsStandalone.Extensions.dll
Registered in 0.002050 seconds.
Native extension for WindowsStandalone target not found
Native extension for WebGL target not found
Refreshing native plugins compatible for Editor in 30.21 ms, found 2 plugins.
Preloading 0 native plugins for Editor in 0.00 ms.
Mono: successfully reloaded assembly
- Completed reload, in  1.562 seconds
Domain Reload Profiling:
	ReloadAssembly (1562ms)
		BeginReloadAssembly (58ms)
			ExecutionOrderSort (0ms)
			DisableScriptedObjects (0ms)
			BackupInstance (0ms)
			ReleaseScriptingObjects (0ms)
			CreateAndSetChildDomain (1ms)
		EndReloadAssembly (449ms)
			LoadAssemblies (56ms)
			RebuildTransferFunctionScriptingTraits (0ms)
			SetupTypeCache (166ms)
			ReleaseScriptCaches (0ms)
			RebuildScriptCaches (36ms)
			SetupLoadedEditorAssemblies (171ms)
				LogAssemblyErrors (0ms)
				InitializePlatformSupportModulesInManaged (5ms)
				SetLoadedEditorAssemblies (0ms)
				RefreshPlugins (30ms)
				BeforeProcessingInitializeOnLoad (14ms)
				ProcessInitializeOnLoadAttributes (90ms)
				ProcessInitializeOnLoadMethodAttributes (31ms)
				AfterProcessingInitializeOnLoad (0ms)
				EditorAssembliesLoaded (0ms)
			ExecutionOrderSort2 (0ms)
			AwakeInstancesAfterBackupRestoration (0ms)
Platform modules already initialized, skipping
Registering precompiled user dll's ...
Registered in 0.001954 seconds.
Begin MonoManager ReloadAssembly
Native extension for WindowsStandalone target not found
Native extension for WebGL target not found
Refreshing native plugins compatible for Editor in 0.34 ms, found 2 plugins.
Preloading 0 native plugins for Editor in 0.00 ms.
Mono: successfully reloaded assembly
- Completed reload, in  1.181 seconds
Domain Reload Profiling:
	ReloadAssembly (1182ms)
		BeginReloadAssembly (155ms)
			ExecutionOrderSort (0ms)
			DisableScriptedObjects (5ms)
			BackupInstance (0ms)
			ReleaseScriptingObjects (0ms)
			CreateAndSetChildDomain (21ms)
		EndReloadAssembly (961ms)
			LoadAssemblies (195ms)
			RebuildTransferFunctionScriptingTraits (0ms)
			SetupTypeCache (291ms)
			ReleaseScriptCaches (0ms)
			RebuildScriptCaches (45ms)
			SetupLoadedEditorAssemblies (327ms)
				LogAssemblyErrors (0ms)
				InitializePlatformSupportModulesInManaged (6ms)
				SetLoadedEditorAssemblies (0ms)
				RefreshPlugins (0ms)
				BeforeProcessingInitializeOnLoad (86ms)
				ProcessInitializeOnLoadAttributes (223ms)
				ProcessInitializeOnLoadMethodAttributes (5ms)
				AfterProcessingInitializeOnLoad (6ms)
				EditorAssembliesLoaded (0ms)
			ExecutionOrderSort2 (0ms)
			AwakeInstancesAfterBackupRestoration (7ms)
Platform modules already initialized, skipping
========================================================================
Worker process is ready to serve import requests
Launched and connected shader compiler UnityShaderCompiler.exe after 0.07 seconds
Refreshing native plugins compatible for Editor in 0.33 ms, found 2 plugins.
Preloading 0 native plugins for Editor in 0.00 ms.
Unloading 1399 Unused Serialized files (Serialized files now loaded: 0)
System memory in use before: 64.9 MB.
System memory in use after: 65.0 MB.

Unloading 16 unused Assets to reduce memory usage. Loaded Objects now: 1834.
Total: 3.226200 ms (FindLiveObjects: 0.157500 ms CreateObjectMapping: 0.044200 ms MarkObjects: 2.960800 ms  DeleteObjects: 0.062800 ms)

AssetImportParameters requested are different than current active one (requested -> active):
  custom:framework-win-MediaFoundation: 216162199b28c13a410421893ffa2e32 -> 
  custom:video-decoder-ogg-theora: a1e56fd34408186e4bbccfd4996cb3dc -> 
  custom:container-muxer-webm: aa71ff27fc2769a1b78a27578f13a17b -> 
  custom:container-demuxer-webm: 4f35f7cbe854078d1ac9338744f61a02 -> 
  custom:container-demuxer-ogg: 62fdf1f143b41e24485cea50d1cbac27 -> 
  custom:video-encoder-webm-vp8: eb34c28f22e8b96e1ab97ce403110664 -> 
  custom:video-codec-MediaFoundation-h265: 746d11721c4dcdbdad8f713fa42b33f4 -> 
  custom:video-decoder-webm-vp8: 9c59270c3fd7afecdb556c50c9e8de78 -> 
  custom:audio-decoder-ogg-vorbis: bf7c407c2cedff20999df2af8eb42d56 -> 
  custom:audio-encoder-webm-vorbis: bf7c407c2cedff20999df2af8eb42d56 -> 
========================================================================
Received Import Request.
  path: Assets/Scenes
  artifactKey: Guid(9f57295528f0a874ea03843f6d33e522) Importer(815301076,1909f56bfc062723c751e8b465ee728b)
Start importing Assets/Scenes using Guid(9f57295528f0a874ea03843f6d33e522) Importer(815301076,1909f56bfc062723c751e8b465ee728b)  -> (artifact id: 'bd803b713b79ec0a7a4bb8a033c32731') in 0.003584 seconds 
  Import took 0.029543 seconds .

========================================================================
Received Import Request.
  Time since last request: 0.000351 seconds.
  path: Assets/Scenes/SampleScene.unity
  artifactKey: Guid(9fc0d4010bbf28b4594072e72b8655ab) Importer(815301076,1909f56bfc062723c751e8b465ee728b)
Start importing Assets/Scenes/SampleScene.unity using Guid(9fc0d4010bbf28b4594072e72b8655ab) Importer(815301076,1909f56bfc062723c751e8b465ee728b)  -> (artifact id: '85059f4f9e1a832ed95adaa0d25c5c4c') in 0.008339 seconds 
  Import took 0.016238 seconds .

========================================================================
Received Import Request.
  Time since last request: 26.235602 seconds.
  path: Assets/Scenes/CoinCollect.unity
  artifactKey: Guid(9fc0d4010bbf28b4594072e72b8655ab) Importer(815301076,1909f56bfc062723c751e8b465ee728b)
Start importing Assets/Scenes/CoinCollect.unity using Guid(9fc0d4010bbf28b4594072e72b8655ab) Importer(815301076,1909f56bfc062723c751e8b465ee728b)  -> (artifact id: '310fd572134fdcdaccbf315019479dbe') in 0.002567 seconds 
  Import took 0.044171 seconds .

========================================================================
Received Import Request.
  Time since last request: 338.279413 seconds.
  path: Assets/Scenes/Platforms.mat
  artifactKey: Guid(d5f0119581ec48b4eb423e508d57f761) Importer(815301076,1909f56bfc062723c751e8b465ee728b)
Start importing Assets/Scenes/Platforms.mat using Guid(d5f0119581ec48b4eb423e508d57f761) Importer(815301076,1909f56bfc062723c751e8b465ee728b)  -> (artifact id: '639398e24892e38d201672f728c6b7aa') in 0.219361 seconds 
  Import took 0.223168 seconds .

========================================================================
Received Import Request.
  Time since last request: 44.092354 seconds.
  path: Assets/Scenes/Plane.mat
  artifactKey: Guid(24d758805d421ef40833793edc5d50d6) Importer(815301076,1909f56bfc062723c751e8b465ee728b)
Start importing Assets/Scenes/Plane.mat using Guid(24d758805d421ef40833793edc5d50d6) Importer(815301076,1909f56bfc062723c751e8b465ee728b)  -> (artifact id: '93b5f67a20b07a2c2b85a9f45e50e1b1') in 0.016671 seconds 
  Import took 0.027773 seconds .

========================================================================
Received Import Request.
  Time since last request: 247.238503 seconds.
  path: Assets/Scenes/Capsule.mat
  artifactKey: Guid(db1fe6c73d3d09a4a8d9cd2c9bf68a83) Importer(815301076,1909f56bfc062723c751e8b465ee728b)
Start importing Assets/Scenes/Capsule.mat using Guid(db1fe6c73d3d09a4a8d9cd2c9bf68a83) Importer(815301076,1909f56bfc062723c751e8b465ee728b)  -> (artifact id: '2da7390c92540dc09e2c774ebed1838e') in 0.031956 seconds 
  Import took 0.035033 seconds .

========================================================================
Received Import Request.
  Time since last request: 123.951950 seconds.
  path: Assets/Scenes/Capsule.mat
  artifactKey: Guid(db1fe6c73d3d09a4a8d9cd2c9bf68a83) Importer(815301076,1909f56bfc062723c751e8b465ee728b)
Start importing Assets/Scenes/Capsule.mat using Guid(db1fe6c73d3d09a4a8d9cd2c9bf68a83) Importer(815301076,1909f56bfc062723c751e8b465ee728b)  -> (artifact id: 'c67644e4c479bbe4dfd82b2ae3d180fe') in 0.016793 seconds 
  Import took 0.020359 seconds .

========================================================================
Received Import Request.
  Time since last request: 0.000395 seconds.
  path: Assets/Scenes/Plane.mat
  artifactKey: Guid(24d758805d421ef40833793edc5d50d6) Importer(815301076,1909f56bfc062723c751e8b465ee728b)
Start importing Assets/Scenes/Plane.mat using Guid(24d758805d421ef40833793edc5d50d6) Importer(815301076,1909f56bfc062723c751e8b465ee728b)  -> (artifact id: '6810d130311e95a95df31b45247db1e8') in 0.014771 seconds 
  Import took 0.018619 seconds .

========================================================================
Received Import Request.
  Time since last request: 0.000516 seconds.
  path: Assets/Scenes/Platforms.mat
  artifactKey: Guid(d5f0119581ec48b4eb423e508d57f761) Importer(815301076,1909f56bfc062723c751e8b465ee728b)
Start importing Assets/Scenes/Platforms.mat using Guid(d5f0119581ec48b4eb423e508d57f761) Importer(815301076,1909f56bfc062723c751e8b465ee728b)  -> (artifact id: 'b59c1b65e2f6f3c03d0d02802556dea7') in 0.019621 seconds 
  Import took 0.033158 seconds .

========================================================================
Received Import Request.
  Time since last request: 41.894897 seconds.
  path: Assets/Scenes/Plane.mat
  artifactKey: Guid(24d758805d421ef40833793edc5d50d6) Importer(815301076,1909f56bfc062723c751e8b465ee728b)
Start importing Assets/Scenes/Plane.mat using Guid(24d758805d421ef40833793edc5d50d6) Importer(815301076,1909f56bfc062723c751e8b465ee728b)  -> (artifact id: '3cc3d552c93e2f0b9dc0e468b77fe6da') in 0.012471 seconds 
  Import took 0.016177 seconds .

========================================================================
Received Import Request.
  Time since last request: 1538.636438 seconds.
  path: Assets/Scenes/walls.mat
  artifactKey: Guid(4ecbb2f93cb9e21459ca9250281d11b8) Importer(815301076,1909f56bfc062723c751e8b465ee728b)
Start importing Assets/Scenes/walls.mat using Guid(4ecbb2f93cb9e21459ca9250281d11b8) Importer(815301076,1909f56bfc062723c751e8b465ee728b)  -> (artifact id: 'f7934c7e30e7fe22e13c07be45f5a328') in 0.064930 seconds 
  Import took 0.092546 seconds .

========================================================================
Received Import Request.
  Time since last request: 89.706204 seconds.
  path: Assets/Scenes/walls.mat
  artifactKey: Guid(4ecbb2f93cb9e21459ca9250281d11b8) Importer(815301076,1909f56bfc062723c751e8b465ee728b)
Start importing Assets/Scenes/walls.mat using Guid(4ecbb2f93cb9e21459ca9250281d11b8) Importer(815301076,1909f56bfc062723c751e8b465ee728b)  -> (artifact id: 'aecb4be1d6e60d1f5abaf95a2cde084f') in 0.014110 seconds 
  Import took 0.024923 seconds .

AssetImportWorkerClient::OnTransportError - code=2 error=End of file
